<?xml version="1.0" encoding="UTF-8"?>
<testng-results skipped="0" failed="0" ignored="0" total="4" passed="4">
  <reporter-output>
  </reporter-output>
  <suite name="Default suite" duration-ms="40698" started-at="2021-10-23T20:34:16 NZDT" finished-at="2021-10-23T20:34:57 NZDT">
    <groups>
      <group name="cucumber">
        <method signature="AbstractTestNGCucumberTests.runScenario(cucumber.api.testng.PickleEventWrapper, cucumber.api.testng.CucumberFeatureWrapper)[pri:0, instance:testrun.Runner@2833cc44]" name="runScenario" class="cucumber.api.testng.AbstractTestNGCucumberTests"/>
      </group> <!-- cucumber -->
    </groups>
    <test name="Default test" duration-ms="40698" started-at="2021-10-23T20:34:16 NZDT" finished-at="2021-10-23T20:34:57 NZDT">
      <class name="testrun.Runner">
        <test-method status="PASS" signature="setUpClass()[pri:0, instance:testrun.Runner@2833cc44]" name="setUpClass" is-config="true" duration-ms="140" started-at="2021-10-23T20:34:16 NZDT" finished-at="2021-10-23T20:34:16 NZDT">
          <reporter-output>
          </reporter-output>
        </test-method> <!-- setUpClass -->
        <test-method status="PASS" signature="runScenario(cucumber.api.testng.PickleEventWrapper, cucumber.api.testng.CucumberFeatureWrapper)[pri:0, instance:testrun.Runner@2833cc44]" name="runScenario" duration-ms="17190" started-at="2021-10-23T20:34:16 NZDT" description="Runs Cucumber Scenarios" data-provider="scenarios" finished-at="2021-10-23T20:34:33 NZDT">
          <params>
            <param index="0">
              <value>
                <![CDATA["TC003 Positive test to create lead"]]>
              </value>
            </param>
            <param index="1">
              <value>
                <![CDATA["CreateLead Functionality"]]>
              </value>
            </param>
          </params>
          <reporter-output>
          </reporter-output>
        </test-method> <!-- runScenario -->
        <test-method status="PASS" signature="runScenario(cucumber.api.testng.PickleEventWrapper, cucumber.api.testng.CucumberFeatureWrapper)[pri:0, instance:testrun.Runner@2833cc44]" name="runScenario" duration-ms="16314" started-at="2021-10-23T20:34:33 NZDT" description="Runs Cucumber Scenarios" data-provider="scenarios" finished-at="2021-10-23T20:34:50 NZDT">
          <params>
            <param index="0">
              <value>
                <![CDATA["TC003 Positive test to create lead"]]>
              </value>
            </param>
            <param index="1">
              <value>
                <![CDATA["CreateLead Functionality"]]>
              </value>
            </param>
          </params>
          <reporter-output>
          </reporter-output>
        </test-method> <!-- runScenario -->
        <test-method status="PASS" signature="runScenario(cucumber.api.testng.PickleEventWrapper, cucumber.api.testng.CucumberFeatureWrapper)[pri:0, instance:testrun.Runner@2833cc44]" name="runScenario" duration-ms="3593" started-at="2021-10-23T20:34:50 NZDT" description="Runs Cucumber Scenarios" data-provider="scenarios" finished-at="2021-10-23T20:34:53 NZDT">
          <params>
            <param index="0">
              <value>
                <![CDATA["TC001 Login with valid credentials"]]>
              </value>
            </param>
            <param index="1">
              <value>
                <![CDATA["Login Functionality of leaf taps application"]]>
              </value>
            </param>
          </params>
          <reporter-output>
          </reporter-output>
        </test-method> <!-- runScenario -->
        <test-method status="PASS" signature="runScenario(cucumber.api.testng.PickleEventWrapper, cucumber.api.testng.CucumberFeatureWrapper)[pri:0, instance:testrun.Runner@2833cc44]" name="runScenario" duration-ms="3269" started-at="2021-10-23T20:34:53 NZDT" description="Runs Cucumber Scenarios" data-provider="scenarios" finished-at="2021-10-23T20:34:56 NZDT">
          <params>
            <param index="0">
              <value>
                <![CDATA["TC002 Login with invalid credentials"]]>
              </value>
            </param>
            <param index="1">
              <value>
                <![CDATA["Login Functionality of leaf taps application"]]>
              </value>
            </param>
          </params>
          <reporter-output>
          </reporter-output>
        </test-method> <!-- runScenario -->
        <test-method status="PASS" signature="tearDownClass()[pri:0, instance:testrun.Runner@2833cc44]" name="tearDownClass" is-config="true" duration-ms="77" started-at="2021-10-23T20:34:57 NZDT" finished-at="2021-10-23T20:34:57 NZDT">
          <reporter-output>
          </reporter-output>
        </test-method> <!-- tearDownClass -->
      </class> <!-- testrun.Runner -->
    </test> <!-- Default test -->
  </suite> <!-- Default suite -->
</testng-results>
