<?xml version="1.0" encoding="UTF-8"?>
<!-- Generated by org.testng.reporters.JUnitXMLReporter -->
<testsuite hostname="LAPTOP-QSDTITF8" ignored="0" name="Test" tests="4" failures="4" timestamp="2021-10-16T21:58:50 NZDT" time="8.777" errors="0">
  <testcase name="runScenario" time="4.694" classname="cucumber.api.testng.AbstractTestNGCucumberTests">
    <failure type="java.lang.NullPointerException">
      <![CDATA[java.lang.NullPointerException
at steps.Login.username(Login.java:13)
at ✽.Enters Username as Demosalesmanager(file:src/test/java/features/Createlead.feature:9)
]]>
    </failure>
  </testcase> <!-- runScenario -->
  <testcase name="runScenario" time="4.845" classname="cucumber.api.testng.AbstractTestNGCucumberTests">
    <failure type="java.lang.NullPointerException">
      <![CDATA[java.lang.NullPointerException
at steps.Login.username(Login.java:13)
at ✽.Enters Username as Demosalesmanager(file:src/test/java/features/Createlead.feature:9)
]]>
    </failure>
  </testcase> <!-- runScenario -->
  <testcase name="runScenario" time="3.428" classname="cucumber.api.testng.AbstractTestNGCucumberTests">
    <failure type="java.lang.NullPointerException">
      <![CDATA[java.lang.NullPointerException
at steps.Login.username(Login.java:13)
at ✽.Enters Username as Demosalesmanager(file:src/test/java/features/Login.feature:9)
]]>
    </failure>
  </testcase> <!-- runScenario -->
  <testcase name="runScenario" time="3.635" classname="cucumber.api.testng.AbstractTestNGCucumberTests">
    <failure type="java.lang.NullPointerException">
      <![CDATA[java.lang.NullPointerException
at steps.Login.username(Login.java:13)
at ✽.Enters Username as DemoCSR(file:src/test/java/features/Login.feature:22)
]]>
    </failure>
  </testcase> <!-- runScenario -->
</testsuite> <!-- Test -->
